<?xml version="1.0" encoding="UTF-8"?>
<!-- Generated by org.testng.reporters.JUnitReportReporter -->
<testsuite hostname="DESKTOP-K0LJRRR" failures="0" tests="2" name="org.orangehrm.tests.AddEmployeeTest" time="5.662" errors="0" timestamp="2025-11-09T21:45:15 EET" skipped="0">
  <testcase classname="org.orangehrm.tests.AddEmployeeTest" name="testLogin" time="2.330"/>
  <testcase classname="org.orangehrm.tests.AddEmployeeTest" name="testNavigateToAddEmployee" time="3.332"/>
</testsuite> <!-- org.orangehrm.tests.AddEmployeeTest -->
